{"total": {"lines":{"total":427,"covered":283,"skipped":0,"pct":66.27},"statements":{"total":427,"covered":283,"skipped":0,"pct":66.27},"functions":{"total":54,"covered":1,"skipped":0,"pct":1.85},"branches":{"total":1,"covered":1,"skipped":0,"pct":100},"branchesTrue":{"total":0,"covered":0,"skipped":0,"pct":100}}
,"/home/vahid/WorkSpace/wenex/platform-sdk/src/index.ts": {"lines":{"total":37,"covered":27,"skipped":0,"pct":72.97},"functions":{"total":6,"covered":1,"skipped":0,"pct":16.66},"statements":{"total":37,"covered":27,"skipped":0,"pct":72.97},"branches":{"total":1,"covered":1,"skipped":0,"pct":100}}
,"/home/vahid/WorkSpace/wenex/platform-sdk/src/common/classes/graphql.service.ts": {"lines":{"total":25,"covered":13,"skipped":0,"pct":52},"functions":{"total":2,"covered":0,"skipped":0,"pct":0},"statements":{"total":25,"covered":13,"skipped":0,"pct":52},"branches":{"total":0,"covered":0,"skipped":0,"pct":100}}
,"/home/vahid/WorkSpace/wenex/platform-sdk/src/common/classes/index.ts": {"lines":{"total":2,"covered":2,"skipped":0,"pct":100},"functions":{"total":0,"covered":0,"skipped":0,"pct":100},"statements":{"total":2,"covered":2,"skipped":0,"pct":100},"branches":{"total":0,"covered":0,"skipped":0,"pct":100}}
,"/home/vahid/WorkSpace/wenex/platform-sdk/src/common/classes/restful.service.ts": {"lines":{"total":95,"covered":43,"skipped":0,"pct":45.26},"functions":{"total":11,"covered":0,"skipped":0,"pct":0},"statements":{"total":95,"covered":43,"skipped":0,"pct":45.26},"branches":{"total":0,"covered":0,"skipped":0,"pct":100}}
,"/home/vahid/WorkSpace/wenex/platform-sdk/src/common/providers/index.ts": {"lines":{"total":1,"covered":1,"skipped":0,"pct":100},"functions":{"total":0,"covered":0,"skipped":0,"pct":100},"statements":{"total":1,"covered":1,"skipped":0,"pct":100},"branches":{"total":0,"covered":0,"skipped":0,"pct":100}}
,"/home/vahid/WorkSpace/wenex/platform-sdk/src/common/providers/request.provider.ts": {"lines":{"total":25,"covered":15,"skipped":0,"pct":60},"functions":{"total":6,"covered":0,"skipped":0,"pct":0},"statements":{"total":25,"covered":15,"skipped":0,"pct":60},"branches":{"total":0,"covered":0,"skipped":0,"pct":100}}
,"/home/vahid/WorkSpace/wenex/platform-sdk/src/services/index.ts": {"lines":{"total":4,"covered":4,"skipped":0,"pct":100},"functions":{"total":0,"covered":0,"skipped":0,"pct":100},"statements":{"total":4,"covered":4,"skipped":0,"pct":100},"branches":{"total":0,"covered":0,"skipped":0,"pct":100}}
,"/home/vahid/WorkSpace/wenex/platform-sdk/src/services/auth/authentication.service.ts": {"lines":{"total":36,"covered":24,"skipped":0,"pct":66.66},"functions":{"total":5,"covered":0,"skipped":0,"pct":0},"statements":{"total":36,"covered":24,"skipped":0,"pct":66.66},"branches":{"total":0,"covered":0,"skipped":0,"pct":100}}
,"/home/vahid/WorkSpace/wenex/platform-sdk/src/services/auth/authorization.service.ts": {"lines":{"total":35,"covered":21,"skipped":0,"pct":60},"functions":{"total":4,"covered":0,"skipped":0,"pct":0},"statements":{"total":35,"covered":21,"skipped":0,"pct":60},"branches":{"total":0,"covered":0,"skipped":0,"pct":100}}
,"/home/vahid/WorkSpace/wenex/platform-sdk/src/services/auth/grants.service.ts": {"lines":{"total":10,"covered":8,"skipped":0,"pct":80},"functions":{"total":1,"covered":0,"skipped":0,"pct":0},"statements":{"total":10,"covered":8,"skipped":0,"pct":80},"branches":{"total":0,"covered":0,"skipped":0,"pct":100}}
,"/home/vahid/WorkSpace/wenex/platform-sdk/src/services/auth/index.ts": {"lines":{"total":31,"covered":23,"skipped":0,"pct":74.19},"functions":{"total":4,"covered":0,"skipped":0,"pct":0},"statements":{"total":31,"covered":23,"skipped":0,"pct":74.19},"branches":{"total":0,"covered":0,"skipped":0,"pct":100}}
,"/home/vahid/WorkSpace/wenex/platform-sdk/src/services/config/configs.service.ts": {"lines":{"total":10,"covered":8,"skipped":0,"pct":80},"functions":{"total":1,"covered":0,"skipped":0,"pct":0},"statements":{"total":10,"covered":8,"skipped":0,"pct":80},"branches":{"total":0,"covered":0,"skipped":0,"pct":100}}
,"/home/vahid/WorkSpace/wenex/platform-sdk/src/services/config/index.ts": {"lines":{"total":15,"covered":13,"skipped":0,"pct":86.66},"functions":{"total":2,"covered":0,"skipped":0,"pct":0},"statements":{"total":15,"covered":13,"skipped":0,"pct":86.66},"branches":{"total":0,"covered":0,"skipped":0,"pct":100}}
,"/home/vahid/WorkSpace/wenex/platform-sdk/src/services/domain/apps.service.ts": {"lines":{"total":10,"covered":8,"skipped":0,"pct":80},"functions":{"total":1,"covered":0,"skipped":0,"pct":0},"statements":{"total":10,"covered":8,"skipped":0,"pct":80},"branches":{"total":0,"covered":0,"skipped":0,"pct":100}}
,"/home/vahid/WorkSpace/wenex/platform-sdk/src/services/domain/clients.service.ts": {"lines":{"total":10,"covered":8,"skipped":0,"pct":80},"functions":{"total":1,"covered":0,"skipped":0,"pct":0},"statements":{"total":10,"covered":8,"skipped":0,"pct":80},"branches":{"total":0,"covered":0,"skipped":0,"pct":100}}
,"/home/vahid/WorkSpace/wenex/platform-sdk/src/services/domain/index.ts": {"lines":{"total":22,"covered":18,"skipped":0,"pct":81.81},"functions":{"total":3,"covered":0,"skipped":0,"pct":0},"statements":{"total":22,"covered":18,"skipped":0,"pct":81.81},"branches":{"total":0,"covered":0,"skipped":0,"pct":100}}
,"/home/vahid/WorkSpace/wenex/platform-sdk/src/services/identity/index.ts": {"lines":{"total":29,"covered":23,"skipped":0,"pct":79.31},"functions":{"total":4,"covered":0,"skipped":0,"pct":0},"statements":{"total":29,"covered":23,"skipped":0,"pct":79.31},"branches":{"total":0,"covered":0,"skipped":0,"pct":100}}
,"/home/vahid/WorkSpace/wenex/platform-sdk/src/services/identity/profiles.service.ts": {"lines":{"total":10,"covered":8,"skipped":0,"pct":80},"functions":{"total":1,"covered":0,"skipped":0,"pct":0},"statements":{"total":10,"covered":8,"skipped":0,"pct":80},"branches":{"total":0,"covered":0,"skipped":0,"pct":100}}
,"/home/vahid/WorkSpace/wenex/platform-sdk/src/services/identity/sessions.service.ts": {"lines":{"total":10,"covered":8,"skipped":0,"pct":80},"functions":{"total":1,"covered":0,"skipped":0,"pct":0},"statements":{"total":10,"covered":8,"skipped":0,"pct":80},"branches":{"total":0,"covered":0,"skipped":0,"pct":100}}
,"/home/vahid/WorkSpace/wenex/platform-sdk/src/services/identity/users.service.ts": {"lines":{"total":10,"covered":8,"skipped":0,"pct":80},"functions":{"total":1,"covered":0,"skipped":0,"pct":0},"statements":{"total":10,"covered":8,"skipped":0,"pct":80},"branches":{"total":0,"covered":0,"skipped":0,"pct":100}}
}
