{"total": {"lines":{"total":384,"covered":285,"skipped":0,"pct":74.21},"statements":{"total":384,"covered":285,"skipped":0,"pct":74.21},"functions":{"total":53,"covered":1,"skipped":0,"pct":1.88},"branches":{"total":1,"covered":1,"skipped":0,"pct":100},"branchesTrue":{"total":0,"covered":0,"skipped":0,"pct":100}}
,"/home/vahid/WorkSpace/wenex/platform-sdk/src/index.ts": {"lines":{"total":36,"covered":26,"skipped":0,"pct":72.22},"functions":{"total":6,"covered":1,"skipped":0,"pct":16.66},"statements":{"total":36,"covered":26,"skipped":0,"pct":72.22},"branches":{"total":1,"covered":1,"skipped":0,"pct":100}}
,"/home/vahid/WorkSpace/wenex/platform-sdk/src/common/core/index.ts": {"lines":{"total":2,"covered":2,"skipped":0,"pct":100},"functions":{"total":0,"covered":0,"skipped":0,"pct":100},"statements":{"total":2,"covered":2,"skipped":0,"pct":100},"branches":{"total":0,"covered":0,"skipped":0,"pct":100}}
,"/home/vahid/WorkSpace/wenex/platform-sdk/src/common/core/request.core.ts": {"lines":{"total":26,"covered":16,"skipped":0,"pct":61.53},"functions":{"total":6,"covered":0,"skipped":0,"pct":0},"statements":{"total":26,"covered":16,"skipped":0,"pct":61.53},"branches":{"total":0,"covered":0,"skipped":0,"pct":100}}
,"/home/vahid/WorkSpace/wenex/platform-sdk/src/common/core/base/graphql.core.ts": {"lines":{"total":33,"covered":23,"skipped":0,"pct":69.69},"functions":{"total":2,"covered":0,"skipped":0,"pct":0},"statements":{"total":33,"covered":23,"skipped":0,"pct":69.69},"branches":{"total":0,"covered":0,"skipped":0,"pct":100}}
,"/home/vahid/WorkSpace/wenex/platform-sdk/src/common/core/base/index.ts": {"lines":{"total":2,"covered":2,"skipped":0,"pct":100},"functions":{"total":0,"covered":0,"skipped":0,"pct":100},"statements":{"total":2,"covered":2,"skipped":0,"pct":100},"branches":{"total":0,"covered":0,"skipped":0,"pct":100}}
,"/home/vahid/WorkSpace/wenex/platform-sdk/src/common/core/base/restful.core.ts": {"lines":{"total":52,"covered":29,"skipped":0,"pct":55.76},"functions":{"total":10,"covered":0,"skipped":0,"pct":0},"statements":{"total":52,"covered":29,"skipped":0,"pct":55.76},"branches":{"total":0,"covered":0,"skipped":0,"pct":100}}
,"/home/vahid/WorkSpace/wenex/platform-sdk/src/services/index.ts": {"lines":{"total":2,"covered":2,"skipped":0,"pct":100},"functions":{"total":0,"covered":0,"skipped":0,"pct":100},"statements":{"total":2,"covered":2,"skipped":0,"pct":100},"branches":{"total":0,"covered":0,"skipped":0,"pct":100}}
,"/home/vahid/WorkSpace/wenex/platform-sdk/src/services/premium/index.ts": {"lines":{"total":1,"covered":1,"skipped":0,"pct":100},"functions":{"total":0,"covered":0,"skipped":0,"pct":100},"statements":{"total":1,"covered":1,"skipped":0,"pct":100},"branches":{"total":0,"covered":0,"skipped":0,"pct":100}}
,"/home/vahid/WorkSpace/wenex/platform-sdk/src/services/premium/general/artifacts.service.ts": {"lines":{"total":10,"covered":8,"skipped":0,"pct":80},"functions":{"total":1,"covered":0,"skipped":0,"pct":0},"statements":{"total":10,"covered":8,"skipped":0,"pct":80},"branches":{"total":0,"covered":0,"skipped":0,"pct":100}}
,"/home/vahid/WorkSpace/wenex/platform-sdk/src/services/premium/general/index.ts": {"lines":{"total":15,"covered":13,"skipped":0,"pct":86.66},"functions":{"total":2,"covered":0,"skipped":0,"pct":0},"statements":{"total":15,"covered":13,"skipped":0,"pct":86.66},"branches":{"total":0,"covered":0,"skipped":0,"pct":100}}
,"/home/vahid/WorkSpace/wenex/platform-sdk/src/services/primary/index.ts": {"lines":{"total":4,"covered":4,"skipped":0,"pct":100},"functions":{"total":0,"covered":0,"skipped":0,"pct":100},"statements":{"total":4,"covered":4,"skipped":0,"pct":100},"branches":{"total":0,"covered":0,"skipped":0,"pct":100}}
,"/home/vahid/WorkSpace/wenex/platform-sdk/src/services/primary/auth/authentication.service.ts": {"lines":{"total":32,"covered":24,"skipped":0,"pct":75},"functions":{"total":5,"covered":0,"skipped":0,"pct":0},"statements":{"total":32,"covered":24,"skipped":0,"pct":75},"branches":{"total":0,"covered":0,"skipped":0,"pct":100}}
,"/home/vahid/WorkSpace/wenex/platform-sdk/src/services/primary/auth/authorization.service.ts": {"lines":{"total":18,"covered":14,"skipped":0,"pct":77.77},"functions":{"total":3,"covered":0,"skipped":0,"pct":0},"statements":{"total":18,"covered":14,"skipped":0,"pct":77.77},"branches":{"total":0,"covered":0,"skipped":0,"pct":100}}
,"/home/vahid/WorkSpace/wenex/platform-sdk/src/services/primary/auth/grants.service.ts": {"lines":{"total":10,"covered":8,"skipped":0,"pct":80},"functions":{"total":1,"covered":0,"skipped":0,"pct":0},"statements":{"total":10,"covered":8,"skipped":0,"pct":80},"branches":{"total":0,"covered":0,"skipped":0,"pct":100}}
,"/home/vahid/WorkSpace/wenex/platform-sdk/src/services/primary/auth/index.ts": {"lines":{"total":29,"covered":23,"skipped":0,"pct":79.31},"functions":{"total":4,"covered":0,"skipped":0,"pct":0},"statements":{"total":29,"covered":23,"skipped":0,"pct":79.31},"branches":{"total":0,"covered":0,"skipped":0,"pct":100}}
,"/home/vahid/WorkSpace/wenex/platform-sdk/src/services/primary/configs/configs.service.ts": {"lines":{"total":10,"covered":8,"skipped":0,"pct":80},"functions":{"total":1,"covered":0,"skipped":0,"pct":0},"statements":{"total":10,"covered":8,"skipped":0,"pct":80},"branches":{"total":0,"covered":0,"skipped":0,"pct":100}}
,"/home/vahid/WorkSpace/wenex/platform-sdk/src/services/primary/configs/index.ts": {"lines":{"total":1,"covered":1,"skipped":0,"pct":100},"functions":{"total":0,"covered":0,"skipped":0,"pct":100},"statements":{"total":1,"covered":1,"skipped":0,"pct":100},"branches":{"total":0,"covered":0,"skipped":0,"pct":100}}
,"/home/vahid/WorkSpace/wenex/platform-sdk/src/services/primary/domain/apps.service.ts": {"lines":{"total":10,"covered":8,"skipped":0,"pct":80},"functions":{"total":1,"covered":0,"skipped":0,"pct":0},"statements":{"total":10,"covered":8,"skipped":0,"pct":80},"branches":{"total":0,"covered":0,"skipped":0,"pct":100}}
,"/home/vahid/WorkSpace/wenex/platform-sdk/src/services/primary/domain/clients.service.ts": {"lines":{"total":10,"covered":8,"skipped":0,"pct":80},"functions":{"total":1,"covered":0,"skipped":0,"pct":0},"statements":{"total":10,"covered":8,"skipped":0,"pct":80},"branches":{"total":0,"covered":0,"skipped":0,"pct":100}}
,"/home/vahid/WorkSpace/wenex/platform-sdk/src/services/primary/domain/index.ts": {"lines":{"total":22,"covered":18,"skipped":0,"pct":81.81},"functions":{"total":3,"covered":0,"skipped":0,"pct":0},"statements":{"total":22,"covered":18,"skipped":0,"pct":81.81},"branches":{"total":0,"covered":0,"skipped":0,"pct":100}}
,"/home/vahid/WorkSpace/wenex/platform-sdk/src/services/primary/identity/index.ts": {"lines":{"total":29,"covered":23,"skipped":0,"pct":79.31},"functions":{"total":4,"covered":0,"skipped":0,"pct":0},"statements":{"total":29,"covered":23,"skipped":0,"pct":79.31},"branches":{"total":0,"covered":0,"skipped":0,"pct":100}}
,"/home/vahid/WorkSpace/wenex/platform-sdk/src/services/primary/identity/profiles.service.ts": {"lines":{"total":10,"covered":8,"skipped":0,"pct":80},"functions":{"total":1,"covered":0,"skipped":0,"pct":0},"statements":{"total":10,"covered":8,"skipped":0,"pct":80},"branches":{"total":0,"covered":0,"skipped":0,"pct":100}}
,"/home/vahid/WorkSpace/wenex/platform-sdk/src/services/primary/identity/sessions.service.ts": {"lines":{"total":10,"covered":8,"skipped":0,"pct":80},"functions":{"total":1,"covered":0,"skipped":0,"pct":0},"statements":{"total":10,"covered":8,"skipped":0,"pct":80},"branches":{"total":0,"covered":0,"skipped":0,"pct":100}}
,"/home/vahid/WorkSpace/wenex/platform-sdk/src/services/primary/identity/users.service.ts": {"lines":{"total":10,"covered":8,"skipped":0,"pct":80},"functions":{"total":1,"covered":0,"skipped":0,"pct":0},"statements":{"total":10,"covered":8,"skipped":0,"pct":80},"branches":{"total":0,"covered":0,"skipped":0,"pct":100}}
}
