TN:
SF:src/index.ts
FN:15,PlatformClient
FN:17,get auth
FN:21,get domain
FN:25,get general
FN:29,get identity
FN:33,get configs
FNF:6
FNH:1
FNDA:1,PlatformClient
FNDA:0,get auth
FNDA:0,get domain
FNDA:0,get general
FNDA:0,get identity
FNDA:0,get configs
DA:1,1
DA:2,1
DA:3,1
DA:4,1
DA:5,1
DA:6,1
DA:7,1
DA:8,1
DA:9,1
DA:10,1
DA:11,1
DA:12,1
DA:13,1
DA:14,1
DA:15,1
DA:16,1
DA:17,1
DA:18,0
DA:19,0
DA:20,1
DA:21,1
DA:22,0
DA:23,0
DA:24,1
DA:25,1
DA:26,0
DA:27,0
DA:28,1
DA:29,1
DA:30,0
DA:31,0
DA:32,1
DA:33,1
DA:34,0
DA:35,0
DA:36,1
LF:36
LH:26
BRDA:15,0,0,1
BRF:1
BRH:1
end_of_record
TN:
SF:src/common/core/index.ts
FNF:0
FNH:0
DA:1,1
DA:2,1
LF:2
LH:2
BRF:0
BRH:0
end_of_record
TN:
SF:src/common/core/request.core.ts
FN:5,RequestService
FN:7,get
FN:11,post
FN:15,delete
FN:19,put
FN:23,patch
FNF:6
FNH:0
FNDA:0,RequestService
FNDA:0,get
FNDA:0,post
FNDA:0,delete
FNDA:0,put
FNDA:0,patch
DA:1,1
DA:2,1
DA:3,1
DA:4,1
DA:5,1
DA:6,1
DA:7,1
DA:8,0
DA:9,0
DA:10,1
DA:11,1
DA:12,0
DA:13,0
DA:14,1
DA:15,1
DA:16,0
DA:17,0
DA:18,1
DA:19,1
DA:20,0
DA:21,0
DA:22,1
DA:23,1
DA:24,0
DA:25,0
DA:26,1
LF:26
LH:16
BRF:0
BRH:0
end_of_record
TN:
SF:src/common/core/base/graphql.core.ts
FN:20,useQuery
FN:27,useMutation
FNF:2
FNH:0
FNDA:0,useQuery
FNDA:0,useMutation
DA:1,1
DA:2,1
DA:3,1
DA:4,1
DA:5,1
DA:6,1
DA:7,1
DA:8,1
DA:9,1
DA:10,1
DA:11,1
DA:12,1
DA:13,1
DA:14,1
DA:15,1
DA:16,1
DA:17,1
DA:18,1
DA:19,1
DA:20,1
DA:21,0
DA:22,0
DA:23,0
DA:24,0
DA:25,0
DA:26,1
DA:27,1
DA:28,0
DA:29,0
DA:30,0
DA:31,0
DA:32,0
DA:33,1
LF:33
LH:23
BRF:0
BRH:0
end_of_record
TN:
SF:src/common/core/base/index.ts
FNF:0
FNH:0
DA:1,1
DA:2,1
LF:2
LH:2
BRF:0
BRH:0
end_of_record
TN:
SF:src/common/core/base/restful.core.ts
FN:10,RestfulService
FN:14,count
FN:19,create
FN:23,find
FN:28,findById
FN:32,deleteById
FN:36,restoreById
FN:40,destroyById
FN:44,updateById
FN:48,updateBulk
FNF:10
FNH:0
FNDA:0,RestfulService
FNDA:0,count
FNDA:0,create
FNDA:0,find
FNDA:0,findById
FNDA:0,deleteById
FNDA:0,restoreById
FNDA:0,destroyById
FNDA:0,updateById
FNDA:0,updateBulk
DA:1,1
DA:2,1
DA:3,1
DA:4,1
DA:5,1
DA:6,1
DA:7,1
DA:8,1
DA:9,1
DA:10,1
DA:11,0
DA:12,0
DA:13,1
DA:14,1
DA:15,0
DA:16,0
DA:17,0
DA:18,1
DA:19,1
DA:20,0
DA:21,0
DA:22,1
DA:23,1
DA:24,0
DA:25,0
DA:26,0
DA:27,1
DA:28,1
DA:29,0
DA:30,0
DA:31,1
DA:32,1
DA:33,0
DA:34,0
DA:35,1
DA:36,1
DA:37,0
DA:38,0
DA:39,1
DA:40,1
DA:41,0
DA:42,0
DA:43,1
DA:44,1
DA:45,0
DA:46,0
DA:47,1
DA:48,1
DA:49,0
DA:50,0
DA:51,0
DA:52,1
LF:52
LH:29
BRF:0
BRH:0
end_of_record
TN:
SF:src/services/index.ts
FNF:0
FNH:0
DA:1,1
DA:2,1
LF:2
LH:2
BRF:0
BRH:0
end_of_record
TN:
SF:src/services/premium/index.ts
FNF:0
FNH:0
DA:1,1
LF:1
LH:1
BRF:0
BRH:0
end_of_record
TN:
SF:src/services/premium/general/artifacts.service.ts
FN:7,ArtifactsService
FNF:1
FNH:0
FNDA:0,ArtifactsService
DA:1,1
DA:2,1
DA:3,1
DA:4,1
DA:5,1
DA:6,1
DA:7,1
DA:8,0
DA:9,0
DA:10,1
LF:10
LH:8
BRF:0
BRH:0
end_of_record
TN:
SF:src/services/premium/general/index.ts
FN:10,GeneralClient
FN:12,get artifacts
FNF:2
FNH:0
FNDA:0,GeneralClient
FNDA:0,get artifacts
DA:1,1
DA:2,1
DA:3,1
DA:4,1
DA:5,1
DA:6,1
DA:7,1
DA:8,1
DA:9,1
DA:10,1
DA:11,1
DA:12,1
DA:13,0
DA:14,0
DA:15,1
LF:15
LH:13
BRF:0
BRH:0
end_of_record
TN:
SF:src/services/primary/index.ts
FNF:0
FNH:0
DA:1,1
DA:2,1
DA:3,1
DA:4,1
LF:4
LH:4
BRF:0
BRH:0
end_of_record
TN:
SF:src/services/primary/auth/authentication.service.ts
FN:13,Authentication
FN:17,token
FN:21,decrypt
FN:25,logout
FN:29,build
FNF:5
FNH:0
FNDA:0,Authentication
FNDA:0,token
FNDA:0,decrypt
FNDA:0,logout
FNDA:0,build
DA:1,1
DA:2,1
DA:3,1
DA:4,1
DA:5,1
DA:6,1
DA:7,1
DA:8,1
DA:9,1
DA:10,1
DA:11,1
DA:12,1
DA:13,1
DA:14,1
DA:15,1
DA:16,1
DA:17,1
DA:18,0
DA:19,0
DA:20,1
DA:21,1
DA:22,0
DA:23,0
DA:24,1
DA:25,1
DA:26,0
DA:27,0
DA:28,1
DA:29,1
DA:30,0
DA:31,0
DA:32,1
LF:32
LH:24
BRF:0
BRH:0
end_of_record
TN:
SF:src/services/primary/auth/authorization.service.ts
FN:7,Authorization
FN:11,can
FN:15,build
FNF:3
FNH:0
FNDA:0,Authorization
FNDA:0,can
FNDA:0,build
DA:1,1
DA:2,1
DA:3,1
DA:4,1
DA:5,1
DA:6,1
DA:7,1
DA:8,1
DA:9,1
DA:10,1
DA:11,1
DA:12,0
DA:13,0
DA:14,1
DA:15,1
DA:16,0
DA:17,0
DA:18,1
LF:18
LH:14
BRF:0
BRH:0
end_of_record
TN:
SF:src/services/primary/auth/grants.service.ts
FN:7,GrantsService
FNF:1
FNH:0
FNDA:0,GrantsService
DA:1,1
DA:2,1
DA:3,1
DA:4,1
DA:5,1
DA:6,1
DA:7,1
DA:8,0
DA:9,0
DA:10,1
LF:10
LH:8
BRF:0
BRH:0
end_of_record
TN:
SF:src/services/primary/auth/index.ts
FN:16,AuthClient
FN:18,get authentication
FN:22,get authorization
FN:26,get grants
FNF:4
FNH:0
FNDA:0,AuthClient
FNDA:0,get authentication
FNDA:0,get authorization
FNDA:0,get grants
DA:1,1
DA:2,1
DA:3,1
DA:4,1
DA:5,1
DA:6,1
DA:7,1
DA:8,1
DA:9,1
DA:10,1
DA:11,1
DA:12,1
DA:13,1
DA:14,1
DA:15,1
DA:16,1
DA:17,1
DA:18,1
DA:19,0
DA:20,0
DA:21,1
DA:22,1
DA:23,0
DA:24,0
DA:25,1
DA:26,1
DA:27,0
DA:28,0
DA:29,1
LF:29
LH:23
BRF:0
BRH:0
end_of_record
TN:
SF:src/services/primary/configs/configs.service.ts
FN:7,ConfigsService
FNF:1
FNH:0
FNDA:0,ConfigsService
DA:1,1
DA:2,1
DA:3,1
DA:4,1
DA:5,1
DA:6,1
DA:7,1
DA:8,0
DA:9,0
DA:10,1
LF:10
LH:8
BRF:0
BRH:0
end_of_record
TN:
SF:src/services/primary/configs/index.ts
FNF:0
FNH:0
DA:1,1
LF:1
LH:1
BRF:0
BRH:0
end_of_record
TN:
SF:src/services/primary/domain/apps.service.ts
FN:7,AppsService
FNF:1
FNH:0
FNDA:0,AppsService
DA:1,1
DA:2,1
DA:3,1
DA:4,1
DA:5,1
DA:6,1
DA:7,1
DA:8,0
DA:9,0
DA:10,1
LF:10
LH:8
BRF:0
BRH:0
end_of_record
TN:
SF:src/services/primary/domain/clients.service.ts
FN:7,ClientsService
FNF:1
FNH:0
FNDA:0,ClientsService
DA:1,1
DA:2,1
DA:3,1
DA:4,1
DA:5,1
DA:6,1
DA:7,1
DA:8,0
DA:9,0
DA:10,1
LF:10
LH:8
BRF:0
BRH:0
end_of_record
TN:
SF:src/services/primary/domain/index.ts
FN:13,DomainClient
FN:15,get apps
FN:19,get clients
FNF:3
FNH:0
FNDA:0,DomainClient
FNDA:0,get apps
FNDA:0,get clients
DA:1,1
DA:2,1
DA:3,1
DA:4,1
DA:5,1
DA:6,1
DA:7,1
DA:8,1
DA:9,1
DA:10,1
DA:11,1
DA:12,1
DA:13,1
DA:14,1
DA:15,1
DA:16,0
DA:17,0
DA:18,1
DA:19,1
DA:20,0
DA:21,0
DA:22,1
LF:22
LH:18
BRF:0
BRH:0
end_of_record
TN:
SF:src/services/primary/identity/index.ts
FN:16,IdentityClient
FN:18,get users
FN:22,get profiles
FN:26,get sessions
FNF:4
FNH:0
FNDA:0,IdentityClient
FNDA:0,get users
FNDA:0,get profiles
FNDA:0,get sessions
DA:1,1
DA:2,1
DA:3,1
DA:4,1
DA:5,1
DA:6,1
DA:7,1
DA:8,1
DA:9,1
DA:10,1
DA:11,1
DA:12,1
DA:13,1
DA:14,1
DA:15,1
DA:16,1
DA:17,1
DA:18,1
DA:19,0
DA:20,0
DA:21,1
DA:22,1
DA:23,0
DA:24,0
DA:25,1
DA:26,1
DA:27,0
DA:28,0
DA:29,1
LF:29
LH:23
BRF:0
BRH:0
end_of_record
TN:
SF:src/services/primary/identity/profiles.service.ts
FN:7,ProfilesService
FNF:1
FNH:0
FNDA:0,ProfilesService
DA:1,1
DA:2,1
DA:3,1
DA:4,1
DA:5,1
DA:6,1
DA:7,1
DA:8,0
DA:9,0
DA:10,1
LF:10
LH:8
BRF:0
BRH:0
end_of_record
TN:
SF:src/services/primary/identity/sessions.service.ts
FN:7,SessionsService
FNF:1
FNH:0
FNDA:0,SessionsService
DA:1,1
DA:2,1
DA:3,1
DA:4,1
DA:5,1
DA:6,1
DA:7,1
DA:8,0
DA:9,0
DA:10,1
LF:10
LH:8
BRF:0
BRH:0
end_of_record
TN:
SF:src/services/primary/identity/users.service.ts
FN:7,UsersService
FNF:1
FNH:0
FNDA:0,UsersService
DA:1,1
DA:2,1
DA:3,1
DA:4,1
DA:5,1
DA:6,1
DA:7,1
DA:8,0
DA:9,0
DA:10,1
LF:10
LH:8
BRF:0
BRH:0
end_of_record
