TN:
SF:src/index.ts
FN:16,PlatformClient
FN:18,get graphql
FN:22,get auth
FN:26,get domain
FN:30,get config
FN:34,get identity
FNF:6
FNH:1
FNDA:1,PlatformClient
FNDA:0,get graphql
FNDA:0,get auth
FNDA:0,get domain
FNDA:0,get config
FNDA:0,get identity
DA:1,1
DA:2,1
DA:3,1
DA:4,1
DA:5,1
DA:6,1
DA:7,1
DA:8,1
DA:9,1
DA:10,1
DA:11,1
DA:12,1
DA:13,1
DA:14,1
DA:15,1
DA:16,1
DA:17,1
DA:18,1
DA:19,0
DA:20,0
DA:21,1
DA:22,1
DA:23,0
DA:24,0
DA:25,1
DA:26,1
DA:27,0
DA:28,0
DA:29,1
DA:30,1
DA:31,0
DA:32,0
DA:33,1
DA:34,1
DA:35,0
DA:36,0
DA:37,1
LF:37
LH:27
BRDA:16,0,0,1
BRF:1
BRH:1
end_of_record
TN:
SF:src/common/classes/graphql.service.ts
FN:10,GraphqlService
FN:12,request
FNF:2
FNH:0
FNDA:0,GraphqlService
FNDA:0,request
DA:1,1
DA:2,1
DA:3,1
DA:4,1
DA:5,1
DA:6,1
DA:7,1
DA:8,1
DA:9,1
DA:10,1
DA:11,1
DA:12,1
DA:13,0
DA:14,0
DA:15,0
DA:16,0
DA:17,0
DA:18,0
DA:19,0
DA:20,0
DA:21,0
DA:22,0
DA:23,0
DA:24,0
DA:25,1
LF:25
LH:13
BRF:0
BRH:0
end_of_record
TN:
SF:src/common/classes/index.ts
FNF:0
FNH:0
DA:1,1
DA:2,1
LF:2
LH:2
BRF:0
BRH:0
end_of_record
TN:
SF:src/common/classes/restful.service.ts
FN:23,RestfulService
FN:30,count
FN:35,create
FN:39,createBulk
FN:46,find
FN:54,findById
FN:58,deleteById
FN:62,restoreById
FN:73,destroyById
FN:80,updateById
FN:88,updateBulk
FNF:11
FNH:0
FNDA:0,RestfulService
FNDA:0,count
FNDA:0,create
FNDA:0,createBulk
FNDA:0,find
FNDA:0,findById
FNDA:0,deleteById
FNDA:0,restoreById
FNDA:0,destroyById
FNDA:0,updateById
FNDA:0,updateBulk
DA:1,1
DA:2,1
DA:3,1
DA:4,1
DA:5,1
DA:6,1
DA:7,1
DA:8,1
DA:9,1
DA:10,1
DA:11,1
DA:12,1
DA:13,1
DA:14,1
DA:15,1
DA:16,1
DA:17,1
DA:18,1
DA:19,1
DA:20,1
DA:21,1
DA:22,1
DA:23,1
DA:24,0
DA:25,0
DA:26,0
DA:27,0
DA:28,0
DA:29,1
DA:30,1
DA:31,0
DA:32,0
DA:33,0
DA:34,1
DA:35,1
DA:36,0
DA:37,0
DA:38,1
DA:39,1
DA:40,0
DA:41,0
DA:42,0
DA:43,0
DA:44,0
DA:45,1
DA:46,1
DA:47,0
DA:48,0
DA:49,0
DA:50,0
DA:51,0
DA:52,0
DA:53,1
DA:54,1
DA:55,0
DA:56,0
DA:57,1
DA:58,1
DA:59,0
DA:60,0
DA:61,1
DA:62,1
DA:63,0
DA:64,0
DA:65,0
DA:66,0
DA:67,0
DA:68,0
DA:69,0
DA:70,0
DA:71,0
DA:72,1
DA:73,1
DA:74,0
DA:75,0
DA:76,0
DA:77,0
DA:78,0
DA:79,1
DA:80,1
DA:81,0
DA:82,0
DA:83,0
DA:84,0
DA:85,0
DA:86,0
DA:87,1
DA:88,1
DA:89,0
DA:90,0
DA:91,0
DA:92,0
DA:93,0
DA:94,0
DA:95,0
DA:96,1
LF:96
LH:44
BRF:0
BRH:0
end_of_record
TN:
SF:src/common/providers/index.ts
FNF:0
FNH:0
DA:1,1
LF:1
LH:1
BRF:0
BRH:0
end_of_record
TN:
SF:src/common/providers/request.provider.ts
FN:4,RequestService
FN:6,get
FN:10,post
FN:14,delete
FN:18,put
FN:22,patch
FNF:6
FNH:0
FNDA:0,RequestService
FNDA:0,get
FNDA:0,post
FNDA:0,delete
FNDA:0,put
FNDA:0,patch
DA:1,1
DA:2,1
DA:3,1
DA:4,1
DA:5,1
DA:6,1
DA:7,0
DA:8,0
DA:9,1
DA:10,1
DA:11,0
DA:12,0
DA:13,1
DA:14,1
DA:15,0
DA:16,0
DA:17,1
DA:18,1
DA:19,0
DA:20,0
DA:21,1
DA:22,1
DA:23,0
DA:24,0
DA:25,1
LF:25
LH:15
BRF:0
BRH:0
end_of_record
TN:
SF:src/services/index.ts
FNF:0
FNH:0
DA:1,1
DA:2,1
DA:3,1
DA:4,1
LF:4
LH:4
BRF:0
BRH:0
end_of_record
TN:
SF:src/services/auth/authentication.service.ts
FN:13,Authentication
FN:17,token
FN:25,logout
FN:29,verify
FN:33,build
FNF:5
FNH:0
FNDA:0,Authentication
FNDA:0,token
FNDA:0,logout
FNDA:0,verify
FNDA:0,build
DA:1,1
DA:2,1
DA:3,1
DA:4,1
DA:5,1
DA:6,1
DA:7,1
DA:8,1
DA:9,1
DA:10,1
DA:11,1
DA:12,1
DA:13,1
DA:14,1
DA:15,1
DA:16,1
DA:17,1
DA:18,0
DA:19,0
DA:20,0
DA:21,0
DA:22,0
DA:23,0
DA:24,1
DA:25,1
DA:26,0
DA:27,0
DA:28,1
DA:29,1
DA:30,0
DA:31,0
DA:32,1
DA:33,1
DA:34,0
DA:35,0
DA:36,1
LF:36
LH:24
BRF:0
BRH:0
end_of_record
TN:
SF:src/services/auth/authorization.service.ts
FN:12,Authorization
FN:16,can
FN:24,policy
FN:32,build
FNF:4
FNH:0
FNDA:0,Authorization
FNDA:0,can
FNDA:0,policy
FNDA:0,build
DA:1,1
DA:2,1
DA:3,1
DA:4,1
DA:5,1
DA:6,1
DA:7,1
DA:8,1
DA:9,1
DA:10,1
DA:11,1
DA:12,1
DA:13,1
DA:14,1
DA:15,1
DA:16,1
DA:17,0
DA:18,0
DA:19,0
DA:20,0
DA:21,0
DA:22,0
DA:23,1
DA:24,1
DA:25,0
DA:26,0
DA:27,0
DA:28,0
DA:29,0
DA:30,0
DA:31,1
DA:32,1
DA:33,0
DA:34,0
DA:35,1
LF:35
LH:21
BRF:0
BRH:0
end_of_record
TN:
SF:src/services/auth/grants.service.ts
FN:7,GrantsService
FNF:1
FNH:0
FNDA:0,GrantsService
DA:1,1
DA:2,1
DA:3,1
DA:4,1
DA:5,1
DA:6,1
DA:7,1
DA:8,0
DA:9,0
DA:10,1
LF:10
LH:8
BRF:0
BRH:0
end_of_record
TN:
SF:src/services/auth/index.ts
FN:16,AuthClient
FN:18,get grants
FN:22,get authorization
FN:27,get authentication
FNF:4
FNH:0
FNDA:0,AuthClient
FNDA:0,get grants
FNDA:0,get authorization
FNDA:0,get authentication
DA:1,1
DA:2,1
DA:3,1
DA:4,1
DA:5,1
DA:6,1
DA:7,1
DA:8,1
DA:9,1
DA:10,1
DA:11,1
DA:12,1
DA:13,1
DA:14,1
DA:15,1
DA:16,1
DA:17,1
DA:18,1
DA:19,0
DA:20,0
DA:21,1
DA:22,1
DA:23,0
DA:24,0
DA:25,0
DA:26,1
DA:27,1
DA:28,0
DA:29,0
DA:30,0
DA:31,1
LF:31
LH:23
BRF:0
BRH:0
end_of_record
TN:
SF:src/services/config/configs.service.ts
FN:7,ConfigsService
FNF:1
FNH:0
FNDA:0,ConfigsService
DA:1,1
DA:2,1
DA:3,1
DA:4,1
DA:5,1
DA:6,1
DA:7,1
DA:8,0
DA:9,0
DA:10,1
LF:10
LH:8
BRF:0
BRH:0
end_of_record
TN:
SF:src/services/config/index.ts
FN:10,ConfigClient
FN:12,get configs
FNF:2
FNH:0
FNDA:0,ConfigClient
FNDA:0,get configs
DA:1,1
DA:2,1
DA:3,1
DA:4,1
DA:5,1
DA:6,1
DA:7,1
DA:8,1
DA:9,1
DA:10,1
DA:11,1
DA:12,1
DA:13,0
DA:14,0
DA:15,1
LF:15
LH:13
BRF:0
BRH:0
end_of_record
TN:
SF:src/services/domain/apps.service.ts
FN:7,AppsService
FNF:1
FNH:0
FNDA:0,AppsService
DA:1,1
DA:2,1
DA:3,1
DA:4,1
DA:5,1
DA:6,1
DA:7,1
DA:8,0
DA:9,0
DA:10,1
LF:10
LH:8
BRF:0
BRH:0
end_of_record
TN:
SF:src/services/domain/clients.service.ts
FN:7,ClientsService
FNF:1
FNH:0
FNDA:0,ClientsService
DA:1,1
DA:2,1
DA:3,1
DA:4,1
DA:5,1
DA:6,1
DA:7,1
DA:8,0
DA:9,0
DA:10,1
LF:10
LH:8
BRF:0
BRH:0
end_of_record
TN:
SF:src/services/domain/index.ts
FN:13,DomainClient
FN:15,get apps
FN:19,get clients
FNF:3
FNH:0
FNDA:0,DomainClient
FNDA:0,get apps
FNDA:0,get clients
DA:1,1
DA:2,1
DA:3,1
DA:4,1
DA:5,1
DA:6,1
DA:7,1
DA:8,1
DA:9,1
DA:10,1
DA:11,1
DA:12,1
DA:13,1
DA:14,1
DA:15,1
DA:16,0
DA:17,0
DA:18,1
DA:19,1
DA:20,0
DA:21,0
DA:22,1
LF:22
LH:18
BRF:0
BRH:0
end_of_record
TN:
SF:src/services/identity/index.ts
FN:16,IdentityClient
FN:18,get users
FN:22,get profiles
FN:26,get sessions
FNF:4
FNH:0
FNDA:0,IdentityClient
FNDA:0,get users
FNDA:0,get profiles
FNDA:0,get sessions
DA:1,1
DA:2,1
DA:3,1
DA:4,1
DA:5,1
DA:6,1
DA:7,1
DA:8,1
DA:9,1
DA:10,1
DA:11,1
DA:12,1
DA:13,1
DA:14,1
DA:15,1
DA:16,1
DA:17,1
DA:18,1
DA:19,0
DA:20,0
DA:21,1
DA:22,1
DA:23,0
DA:24,0
DA:25,1
DA:26,1
DA:27,0
DA:28,0
DA:29,1
LF:29
LH:23
BRF:0
BRH:0
end_of_record
TN:
SF:src/services/identity/profiles.service.ts
FN:7,ProfilesService
FNF:1
FNH:0
FNDA:0,ProfilesService
DA:1,1
DA:2,1
DA:3,1
DA:4,1
DA:5,1
DA:6,1
DA:7,1
DA:8,0
DA:9,0
DA:10,1
LF:10
LH:8
BRF:0
BRH:0
end_of_record
TN:
SF:src/services/identity/sessions.service.ts
FN:7,SessionsService
FNF:1
FNH:0
FNDA:0,SessionsService
DA:1,1
DA:2,1
DA:3,1
DA:4,1
DA:5,1
DA:6,1
DA:7,1
DA:8,0
DA:9,0
DA:10,1
LF:10
LH:8
BRF:0
BRH:0
end_of_record
TN:
SF:src/services/identity/users.service.ts
FN:7,UsersService
FNF:1
FNH:0
FNDA:0,UsersService
DA:1,1
DA:2,1
DA:3,1
DA:4,1
DA:5,1
DA:6,1
DA:7,1
DA:8,0
DA:9,0
DA:10,1
LF:10
LH:8
BRF:0
BRH:0
end_of_record
